<?xml version="1.0" encoding="UTF-8"?>
<testsuite xmlns:xsi="http://www.w3.org/2001/XMLSchema-instance" xsi:noNamespaceSchemaLocation="https://maven.apache.org/surefire/maven-surefire-plugin/xsd/surefire-test-report-3.0.xsd" version="3.0" name="com.lab.graphql.demo.LabGraphqlCrudDemoApplicationTests" time="2.483" tests="1" errors="0" skipped="0" failures="0">
  <properties>
[...]
</properties>
  <testcase name="contextLoads" classname="com.lab.graphql.demo.LabGraphqlCrudDemoApplicationTests" time="0.333">
    <system-out><![CDATA[18:03:47.116 [main] INFO org.springframework.test.context.support.AnnotationConfigContextLoaderUtils -- Could not detect default configuration classes for test class [com.lab.graphql.demo.LabGraphqlCrudDemoApplicationTests]: LabGraphqlCrudDemoApplicationTests does not declare any static, non-private, non-final, nested classes annotated with @Configuration.
18:03:47.156 [main] INFO org.springframework.boot.test.context.SpringBootTestContextBootstrapper -- Found @SpringBootConfiguration com.lab.graphql.demo.LabGraphqlCrudDemoApplication for test class com.lab.graphql.demo.LabGraphqlCrudDemoApplicationTests

  .   ____          _            __ _ _
 /\\ / ___'_ __ _ _(_)_ __  __ _ \ \ \ \
( ( )\___ | '_ | '_| | '_ \/ _` | \ \ \ \
 \\/  ___)| |_)| | | | | || (_| |  ) ) ) )
  '  |____| .__|_| |_|_| |_\__, | / / / /
 =========|_|==============|___/=/_/_/_/
 :: Spring Boot ::                (v3.1.2)

2023-08-24T18:03:47.372+01:00  INFO 35140 --- [           main] l.g.d.LabGraphqlCrudDemoApplicationTests : Starting LabGraphqlCrudDemoApplicationTests using Java 19 with PID 35140 (started by nunowpinho in /Users/nunowpinho/Developer/projects/graphql-crud-demo)
2023-08-24T18:03:47.372+01:00  INFO 35140 --- [           main] l.g.d.LabGraphqlCrudDemoApplicationTests : No active profile set, falling back to 1 default profile: "default"
2023-08-24T18:03:47.644+01:00  INFO 35140 --- [           main] .s.d.r.c.RepositoryConfigurationDelegate : Bootstrapping Spring Data JPA repositories in DEFAULT mode.
2023-08-24T18:03:47.703+01:00  INFO 35140 --- [           main] .s.d.r.c.RepositoryConfigurationDelegate : Finished Spring Data repository scanning in 56 ms. Found 1 JPA repository interfaces.
2023-08-24T18:03:47.815+01:00  INFO 35140 --- [           main] o.s.cloud.context.scope.GenericScope     : BeanFactory id=228c6f12-fd46-36ca-bb08-8520057b4c97
2023-08-24T18:03:47.929+01:00  INFO 35140 --- [           main] com.zaxxer.hikari.HikariDataSource       : true - Starting...
2023-08-24T18:03:48.017+01:00  INFO 35140 --- [           main] com.zaxxer.hikari.pool.HikariPool        : true - Added connection conn0: url=jdbc:h2:mem:true user=SA
2023-08-24T18:03:48.018+01:00  INFO 35140 --- [           main] com.zaxxer.hikari.HikariDataSource       : true - Start completed.
2023-08-24T18:03:48.040+01:00  INFO 35140 --- [           main] o.hibernate.jpa.internal.util.LogHelper  : HHH000204: Processing PersistenceUnitInfo [name: default]
2023-08-24T18:03:48.072+01:00  INFO 35140 --- [           main] org.hibernate.Version                    : HHH000412: Hibernate ORM core version 6.2.6.Final
2023-08-24T18:03:48.073+01:00  INFO 35140 --- [           main] org.hibernate.cfg.Environment            : HHH000406: Using bytecode reflection optimizer
2023-08-24T18:03:48.130+01:00  INFO 35140 --- [           main] o.h.b.i.BytecodeProviderInitiator        : HHH000021: Bytecode provider name : bytebuddy
2023-08-24T18:03:48.186+01:00  INFO 35140 --- [           main] o.s.o.j.p.SpringPersistenceUnitInfo      : No LoadTimeWeaver setup: ignoring JPA class transformer
2023-08-24T18:03:48.316+01:00  INFO 35140 --- [           main] o.h.b.i.BytecodeProviderInitiator        : HHH000021: Bytecode provider name : bytebuddy
2023-08-24T18:03:48.608+01:00  INFO 35140 --- [           main] o.h.e.t.j.p.i.JtaPlatformInitiator       : HHH000490: Using JtaPlatform implementation: [org.hibernate.engine.transaction.jta.platform.internal.NoJtaPlatform]
2023-08-24T18:03:48.614+01:00 DEBUG 35140 --- [           main] org.hibernate.SQL                        : drop table if exists continent cascade 
2023-08-24T18:03:48.614+01:00 DEBUG 35140 --- [           main] org.hibernate.SQL                        : drop table if exists country cascade 
2023-08-24T18:03:48.615+01:00 DEBUG 35140 --- [           main] org.hibernate.SQL                        : drop table if exists country_continents cascade 
2023-08-24T18:03:48.615+01:00 DEBUG 35140 --- [           main] org.hibernate.SQL                        : drop table if exists country_languages cascade 
2023-08-24T18:03:48.615+01:00 DEBUG 35140 --- [           main] org.hibernate.SQL                        : drop table if exists languages cascade 
2023-08-24T18:03:48.615+01:00 DEBUG 35140 --- [           main] org.hibernate.SQL                        : drop sequence if exists continent_seq
2023-08-24T18:03:48.615+01:00 DEBUG 35140 --- [           main] org.hibernate.SQL                        : drop sequence if exists country_seq
2023-08-24T18:03:48.615+01:00 DEBUG 35140 --- [           main] org.hibernate.SQL                        : drop sequence if exists languages_seq
2023-08-24T18:03:48.617+01:00 DEBUG 35140 --- [           main] org.hibernate.SQL                        : create sequence continent_seq start with 1 increment by 50
2023-08-24T18:03:48.618+01:00 DEBUG 35140 --- [           main] org.hibernate.SQL                        : create sequence country_seq start with 1 increment by 50
2023-08-24T18:03:48.618+01:00 DEBUG 35140 --- [           main] org.hibernate.SQL                        : create sequence languages_seq start with 1 increment by 50
2023-08-24T18:03:48.619+01:00 DEBUG 35140 --- [           main] org.hibernate.SQL                        : create table continent (code varchar(255), id varchar(255) not null, name varchar(255), primary key (id))
2023-08-24T18:03:48.621+01:00 DEBUG 35140 --- [           main] org.hibernate.SQL                        : create table country (id bigint not null, currency varchar(255), emoji varchar(255), name varchar(255), phone varchar(255), primary key (id))
2023-08-24T18:03:48.622+01:00 DEBUG 35140 --- [           main] org.hibernate.SQL                        : create table country_continents (country_id bigint not null, continents_id varchar(255) not null unique)
2023-08-24T18:03:48.623+01:00 DEBUG 35140 --- [           main] org.hibernate.SQL                        : create table country_languages (country_id bigint not null, languages_id varchar(255) not null unique)
2023-08-24T18:03:48.623+01:00 DEBUG 35140 --- [           main] org.hibernate.SQL                        : create table languages (code varchar(255), id varchar(255) not null, name varchar(255), primary key (id))
2023-08-24T18:03:48.623+01:00 DEBUG 35140 --- [           main] org.hibernate.SQL                        : alter table if exists country_continents add constraint FKtbdnofkbcys88vfor4exeqqj3 foreign key (continents_id) references continent
2023-08-24T18:03:48.625+01:00 DEBUG 35140 --- [           main] org.hibernate.SQL                        : alter table if exists country_continents add constraint FK2jxdr6o3yx7ylrjhst9cqbbcf foreign key (country_id) references country
2023-08-24T18:03:48.626+01:00 DEBUG 35140 --- [           main] org.hibernate.SQL                        : alter table if exists country_languages add constraint FKf9mt6l1v24brue5ieu02yuww foreign key (languages_id) references languages
2023-08-24T18:03:48.627+01:00 DEBUG 35140 --- [           main] org.hibernate.SQL                        : alter table if exists country_languages add constraint FKewm1msv202fkvi22f2uglqiuu foreign key (country_id) references country
2023-08-24T18:03:48.629+01:00  INFO 35140 --- [           main] j.LocalContainerEntityManagerFactoryBean : Initialized JPA EntityManagerFactory for persistence unit 'default'
2023-08-24T18:03:48.720+01:00  WARN 35140 --- [           main] JpaBaseConfiguration$JpaWebConfiguration : spring.jpa.open-in-view is enabled by default. Therefore, database queries may be performed during view rendering. Explicitly configure spring.jpa.open-in-view to disable this warning
2023-08-24T18:03:49.007+01:00  INFO 35140 --- [           main] efaultSchemaResourceGraphQlSourceBuilder : Loaded 1 resource(s) in the GraphQL schema.
2023-08-24T18:03:49.079+01:00  INFO 35140 --- [           main] s.b.a.g.s.GraphQlWebMvcAutoConfiguration : GraphQL endpoint HTTP POST /graphql
2023-08-24T18:03:49.125+01:00  INFO 35140 --- [           main] o.s.b.a.h2.H2ConsoleAutoConfiguration    : H2 console available at '/h2-console'. Database available at 'jdbc:h2:mem:true'
2023-08-24T18:03:49.184+01:00  INFO 35140 --- [           main] l.g.d.LabGraphqlCrudDemoApplicationTests : Started LabGraphqlCrudDemoApplicationTests in 1.968 seconds (process running for 2.362)
]]></system-out>
  </testcase>
</testsuite>